.
├── bin
│   └── devfx
├── CHANGELOG.md
├── docs
│   ├── hash
│   ├── man
│   │   ├── flagbase.md
│   │   ├── markman.md
│   │   ├── semver.md
│   │   └── xsync.md
│   └── wiki
│       ├── DECISIONS.md
│       ├── DESCRIBE.md
│       └── PILLARS.md
├── LICENSE
├── logs
│   ├── branches.log
│   ├── tasks
│   └── tree.log
├── pkgs
│   ├── fx
│   │   ├── blade
│   │   ├── flagbase
│   │   ├── gitx
│   │   ├── markman
│   │   ├── semver
│   │   ├── snek
│   │   └── xsync
│   ├── inc
│   │   ├── escape.sh
│   │   ├── include.sh
│   │   ├── package.sh
│   │   ├── paths.sh
│   │   ├── proflink.sh
│   │   ├── rcfile.sh
│   │   ├── stderr.sh
│   │   └── template.sh
│   ├── labs
│   └── utils
│       ├── colorx
│       ├── docx
│       ├── hsid
│       ├── pathx
│       └── printx
├── README.md
├── setup.dev
├── tests
│   └── test-setup.sh
└── tree.log

26 directories, 24 files
